<?xml version="1.0" encoding="UTF-8"?>
<!-- Generated by org.testng.reporters.JUnitReportReporter -->
<testsuite hostname="Pauls-Air" name="com.iluv2code.tests.AppTest" tests="2" failures="0" timestamp="5 Apr 2016 05:41:20 GMT" time="3.082" errors="0">
  <testcase name="testSearch" time="3.072" classname="com.iluv2code.tests.AppTest"/>
  <testcase name="testAdd" time="0.010" classname="com.iluv2code.tests.AppTest"/>
</testsuite>
